<?xml version="1.0" encoding="UTF-8"?>
<testsuite xmlns:xsi="http://www.w3.org/2001/XMLSchema-instance" xsi:noNamespaceSchemaLocation="https://maven.apache.org/surefire/maven-surefire-plugin/xsd/surefire-test-report.xsd" name="com.springsample.docker.MvcApplicationTests" time="5.776" tests="1" errors="0" skipped="0" failures="0">
  <properties>
    <property name="sun.desktop" value="gnome"/>
    <property name="awt.toolkit" value="sun.awt.X11.XToolkit"/>
    <property name="file.encoding.pkg" value="sun.io"/>
    <property name="java.specification.version" value="1.8"/>
    <property name="sun.cpu.isalist" value=""/>
    <property name="sun.jnu.encoding" value="UTF-8"/>
    <property name="java.class.path" value="/home/emre/dev/Github/docker/1)SpbootDocker/Mvc/target/test-classes:/home/emre/dev/Github/docker/1)SpbootDocker/Mvc/target/classes:/home/emre/.m2/repository/org/springframework/boot/spring-boot-starter-thymeleaf/2.0.0.M6/spring-boot-starter-thymeleaf-2.0.0.M6.jar:/home/emre/.m2/repository/org/springframework/boot/spring-boot-starter/2.0.0.M6/spring-boot-starter-2.0.0.M6.jar:/home/emre/.m2/repository/org/springframework/boot/spring-boot/2.0.0.M6/spring-boot-2.0.0.M6.jar:/home/emre/.m2/repository/org/springframework/boot/spring-boot-autoconfigure/2.0.0.M6/spring-boot-autoconfigure-2.0.0.M6.jar:/home/emre/.m2/repository/org/springframework/boot/spring-boot-starter-logging/2.0.0.M6/spring-boot-starter-logging-2.0.0.M6.jar:/home/emre/.m2/repository/ch/qos/logback/logback-classic/1.2.3/logback-classic-1.2.3.jar:/home/emre/.m2/repository/ch/qos/logback/logback-core/1.2.3/logback-core-1.2.3.jar:/home/emre/.m2/repository/org/apache/logging/log4j/log4j-to-slf4j/2.9.1/log4j-to-slf4j-2.9.1.jar:/home/emre/.m2/repository/org/apache/logging/log4j/log4j-api/2.9.1/log4j-api-2.9.1.jar:/home/emre/.m2/repository/org/slf4j/jul-to-slf4j/1.7.25/jul-to-slf4j-1.7.25.jar:/home/emre/.m2/repository/org/slf4j/log4j-over-slf4j/1.7.25/log4j-over-slf4j-1.7.25.jar:/home/emre/.m2/repository/javax/annotation/javax.annotation-api/1.3.1/javax.annotation-api-1.3.1.jar:/home/emre/.m2/repository/org/yaml/snakeyaml/1.19/snakeyaml-1.19.jar:/home/emre/.m2/repository/org/thymeleaf/thymeleaf-spring5/3.0.8.RELEASE/thymeleaf-spring5-3.0.8.RELEASE.jar:/home/emre/.m2/repository/org/thymeleaf/thymeleaf/3.0.8.RELEASE/thymeleaf-3.0.8.RELEASE.jar:/home/emre/.m2/repository/org/attoparser/attoparser/2.0.4.RELEASE/attoparser-2.0.4.RELEASE.jar:/home/emre/.m2/repository/org/unbescape/unbescape/1.1.5.RELEASE/unbescape-1.1.5.RELEASE.jar:/home/emre/.m2/repository/org/slf4j/slf4j-api/1.7.25/slf4j-api-1.7.25.jar:/home/emre/.m2/repository/org/thymeleaf/extras/thymeleaf-extras-java8time/3.0.1.RELEASE/thymeleaf-extras-java8time-3.0.1.RELEASE.jar:/home/emre/.m2/repository/org/springframework/boot/spring-boot-starter-web/2.0.0.M6/spring-boot-starter-web-2.0.0.M6.jar:/home/emre/.m2/repository/org/springframework/boot/spring-boot-starter-json/2.0.0.M6/spring-boot-starter-json-2.0.0.M6.jar:/home/emre/.m2/repository/com/fasterxml/jackson/core/jackson-databind/2.9.2/jackson-databind-2.9.2.jar:/home/emre/.m2/repository/com/fasterxml/jackson/core/jackson-annotations/2.9.0/jackson-annotations-2.9.0.jar:/home/emre/.m2/repository/com/fasterxml/jackson/core/jackson-core/2.9.2/jackson-core-2.9.2.jar:/home/emre/.m2/repository/com/fasterxml/jackson/datatype/jackson-datatype-jdk8/2.9.2/jackson-datatype-jdk8-2.9.2.jar:/home/emre/.m2/repository/com/fasterxml/jackson/datatype/jackson-datatype-jsr310/2.9.2/jackson-datatype-jsr310-2.9.2.jar:/home/emre/.m2/repository/com/fasterxml/jackson/module/jackson-module-parameter-names/2.9.2/jackson-module-parameter-names-2.9.2.jar:/home/emre/.m2/repository/com/fasterxml/jackson/module/jackson-module-kotlin/2.9.2/jackson-module-kotlin-2.9.2.jar:/home/emre/.m2/repository/org/springframework/boot/spring-boot-starter-tomcat/2.0.0.M6/spring-boot-starter-tomcat-2.0.0.M6.jar:/home/emre/.m2/repository/org/apache/tomcat/embed/tomcat-embed-core/8.5.23/tomcat-embed-core-8.5.23.jar:/home/emre/.m2/repository/org/apache/tomcat/tomcat-annotations-api/8.5.23/tomcat-annotations-api-8.5.23.jar:/home/emre/.m2/repository/org/apache/tomcat/embed/tomcat-embed-el/8.5.23/tomcat-embed-el-8.5.23.jar:/home/emre/.m2/repository/org/apache/tomcat/embed/tomcat-embed-websocket/8.5.23/tomcat-embed-websocket-8.5.23.jar:/home/emre/.m2/repository/org/hibernate/validator/hibernate-validator/6.0.4.Final/hibernate-validator-6.0.4.Final.jar:/home/emre/.m2/repository/javax/validation/validation-api/2.0.0.Final/validation-api-2.0.0.Final.jar:/home/emre/.m2/repository/org/jboss/logging/jboss-logging/3.3.1.Final/jboss-logging-3.3.1.Final.jar:/home/emre/.m2/repository/com/fasterxml/classmate/1.3.4/classmate-1.3.4.jar:/home/emre/.m2/repository/org/springframework/spring-web/5.0.1.RELEASE/spring-web-5.0.1.RELEASE.jar:/home/emre/.m2/repository/org/springframework/spring-beans/5.0.1.RELEASE/spring-beans-5.0.1.RELEASE.jar:/home/emre/.m2/repository/org/springframework/spring-webmvc/5.0.1.RELEASE/spring-webmvc-5.0.1.RELEASE.jar:/home/emre/.m2/repository/org/springframework/spring-aop/5.0.1.RELEASE/spring-aop-5.0.1.RELEASE.jar:/home/emre/.m2/repository/org/springframework/spring-context/5.0.1.RELEASE/spring-context-5.0.1.RELEASE.jar:/home/emre/.m2/repository/org/springframework/spring-expression/5.0.1.RELEASE/spring-expression-5.0.1.RELEASE.jar:/home/emre/.m2/repository/org/springframework/boot/spring-boot-starter-test/2.0.0.M6/spring-boot-starter-test-2.0.0.M6.jar:/home/emre/.m2/repository/org/springframework/boot/spring-boot-test/2.0.0.M6/spring-boot-test-2.0.0.M6.jar:/home/emre/.m2/repository/org/springframework/boot/spring-boot-test-autoconfigure/2.0.0.M6/spring-boot-test-autoconfigure-2.0.0.M6.jar:/home/emre/.m2/repository/com/jayway/jsonpath/json-path/2.4.0/json-path-2.4.0.jar:/home/emre/.m2/repository/net/minidev/json-smart/2.3/json-smart-2.3.jar:/home/emre/.m2/repository/net/minidev/accessors-smart/1.2/accessors-smart-1.2.jar:/home/emre/.m2/repository/org/ow2/asm/asm/5.0.4/asm-5.0.4.jar:/home/emre/.m2/repository/junit/junit/4.12/junit-4.12.jar:/home/emre/.m2/repository/org/assertj/assertj-core/3.8.0/assertj-core-3.8.0.jar:/home/emre/.m2/repository/org/mockito/mockito-core/2.11.0/mockito-core-2.11.0.jar:/home/emre/.m2/repository/net/bytebuddy/byte-buddy/1.7.8/byte-buddy-1.7.8.jar:/home/emre/.m2/repository/net/bytebuddy/byte-buddy-agent/1.7.8/byte-buddy-agent-1.7.8.jar:/home/emre/.m2/repository/org/objenesis/objenesis/2.6/objenesis-2.6.jar:/home/emre/.m2/repository/org/hamcrest/hamcrest-core/1.3/hamcrest-core-1.3.jar:/home/emre/.m2/repository/org/hamcrest/hamcrest-library/1.3/hamcrest-library-1.3.jar:/home/emre/.m2/repository/org/skyscreamer/jsonassert/1.5.0/jsonassert-1.5.0.jar:/home/emre/.m2/repository/com/vaadin/external/google/android-json/0.0.20131108.vaadin1/android-json-0.0.20131108.vaadin1.jar:/home/emre/.m2/repository/org/springframework/spring-core/5.0.1.RELEASE/spring-core-5.0.1.RELEASE.jar:/home/emre/.m2/repository/org/springframework/spring-jcl/5.0.1.RELEASE/spring-jcl-5.0.1.RELEASE.jar:/home/emre/.m2/repository/org/springframework/spring-test/5.0.1.RELEASE/spring-test-5.0.1.RELEASE.jar:/home/emre/.m2/repository/org/xmlunit/xmlunit-core/2.5.0/xmlunit-core-2.5.0.jar:"/>
    <property name="java.vm.vendor" value="Oracle Corporation"/>
    <property name="sun.arch.data.model" value="64"/>
    <property name="java.vendor.url" value="http://java.oracle.com/"/>
    <property name="user.timezone" value=""/>
    <property name="java.vm.specification.version" value="1.8"/>
    <property name="os.name" value="Linux"/>
    <property name="user.country" value="US"/>
    <property name="sun.java.launcher" value="SUN_STANDARD"/>
    <property name="sun.boot.library.path" value="/usr/lib/jvm/java-8-oracle/jre/lib/amd64"/>
    <property name="sun.java.command" value="/home/emre/dev/Github/docker/1)SpbootDocker/Mvc/target/surefire/surefirebooter5785121073457714574.jar /home/emre/dev/Github/docker/1)SpbootDocker/Mvc/target/surefire 2017-12-04T12-02-57_843-jvmRun1 surefire2508541084530202540tmp surefire_08430243594673310428tmp"/>
    <property name="surefire.test.class.path" value="/home/emre/dev/Github/docker/1)SpbootDocker/Mvc/target/test-classes:/home/emre/dev/Github/docker/1)SpbootDocker/Mvc/target/classes:/home/emre/.m2/repository/org/springframework/boot/spring-boot-starter-thymeleaf/2.0.0.M6/spring-boot-starter-thymeleaf-2.0.0.M6.jar:/home/emre/.m2/repository/org/springframework/boot/spring-boot-starter/2.0.0.M6/spring-boot-starter-2.0.0.M6.jar:/home/emre/.m2/repository/org/springframework/boot/spring-boot/2.0.0.M6/spring-boot-2.0.0.M6.jar:/home/emre/.m2/repository/org/springframework/boot/spring-boot-autoconfigure/2.0.0.M6/spring-boot-autoconfigure-2.0.0.M6.jar:/home/emre/.m2/repository/org/springframework/boot/spring-boot-starter-logging/2.0.0.M6/spring-boot-starter-logging-2.0.0.M6.jar:/home/emre/.m2/repository/ch/qos/logback/logback-classic/1.2.3/logback-classic-1.2.3.jar:/home/emre/.m2/repository/ch/qos/logback/logback-core/1.2.3/logback-core-1.2.3.jar:/home/emre/.m2/repository/org/apache/logging/log4j/log4j-to-slf4j/2.9.1/log4j-to-slf4j-2.9.1.jar:/home/emre/.m2/repository/org/apache/logging/log4j/log4j-api/2.9.1/log4j-api-2.9.1.jar:/home/emre/.m2/repository/org/slf4j/jul-to-slf4j/1.7.25/jul-to-slf4j-1.7.25.jar:/home/emre/.m2/repository/org/slf4j/log4j-over-slf4j/1.7.25/log4j-over-slf4j-1.7.25.jar:/home/emre/.m2/repository/javax/annotation/javax.annotation-api/1.3.1/javax.annotation-api-1.3.1.jar:/home/emre/.m2/repository/org/yaml/snakeyaml/1.19/snakeyaml-1.19.jar:/home/emre/.m2/repository/org/thymeleaf/thymeleaf-spring5/3.0.8.RELEASE/thymeleaf-spring5-3.0.8.RELEASE.jar:/home/emre/.m2/repository/org/thymeleaf/thymeleaf/3.0.8.RELEASE/thymeleaf-3.0.8.RELEASE.jar:/home/emre/.m2/repository/org/attoparser/attoparser/2.0.4.RELEASE/attoparser-2.0.4.RELEASE.jar:/home/emre/.m2/repository/org/unbescape/unbescape/1.1.5.RELEASE/unbescape-1.1.5.RELEASE.jar:/home/emre/.m2/repository/org/slf4j/slf4j-api/1.7.25/slf4j-api-1.7.25.jar:/home/emre/.m2/repository/org/thymeleaf/extras/thymeleaf-extras-java8time/3.0.1.RELEASE/thymeleaf-extras-java8time-3.0.1.RELEASE.jar:/home/emre/.m2/repository/org/springframework/boot/spring-boot-starter-web/2.0.0.M6/spring-boot-starter-web-2.0.0.M6.jar:/home/emre/.m2/repository/org/springframework/boot/spring-boot-starter-json/2.0.0.M6/spring-boot-starter-json-2.0.0.M6.jar:/home/emre/.m2/repository/com/fasterxml/jackson/core/jackson-databind/2.9.2/jackson-databind-2.9.2.jar:/home/emre/.m2/repository/com/fasterxml/jackson/core/jackson-annotations/2.9.0/jackson-annotations-2.9.0.jar:/home/emre/.m2/repository/com/fasterxml/jackson/core/jackson-core/2.9.2/jackson-core-2.9.2.jar:/home/emre/.m2/repository/com/fasterxml/jackson/datatype/jackson-datatype-jdk8/2.9.2/jackson-datatype-jdk8-2.9.2.jar:/home/emre/.m2/repository/com/fasterxml/jackson/datatype/jackson-datatype-jsr310/2.9.2/jackson-datatype-jsr310-2.9.2.jar:/home/emre/.m2/repository/com/fasterxml/jackson/module/jackson-module-parameter-names/2.9.2/jackson-module-parameter-names-2.9.2.jar:/home/emre/.m2/repository/com/fasterxml/jackson/module/jackson-module-kotlin/2.9.2/jackson-module-kotlin-2.9.2.jar:/home/emre/.m2/repository/org/springframework/boot/spring-boot-starter-tomcat/2.0.0.M6/spring-boot-starter-tomcat-2.0.0.M6.jar:/home/emre/.m2/repository/org/apache/tomcat/embed/tomcat-embed-core/8.5.23/tomcat-embed-core-8.5.23.jar:/home/emre/.m2/repository/org/apache/tomcat/tomcat-annotations-api/8.5.23/tomcat-annotations-api-8.5.23.jar:/home/emre/.m2/repository/org/apache/tomcat/embed/tomcat-embed-el/8.5.23/tomcat-embed-el-8.5.23.jar:/home/emre/.m2/repository/org/apache/tomcat/embed/tomcat-embed-websocket/8.5.23/tomcat-embed-websocket-8.5.23.jar:/home/emre/.m2/repository/org/hibernate/validator/hibernate-validator/6.0.4.Final/hibernate-validator-6.0.4.Final.jar:/home/emre/.m2/repository/javax/validation/validation-api/2.0.0.Final/validation-api-2.0.0.Final.jar:/home/emre/.m2/repository/org/jboss/logging/jboss-logging/3.3.1.Final/jboss-logging-3.3.1.Final.jar:/home/emre/.m2/repository/com/fasterxml/classmate/1.3.4/classmate-1.3.4.jar:/home/emre/.m2/repository/org/springframework/spring-web/5.0.1.RELEASE/spring-web-5.0.1.RELEASE.jar:/home/emre/.m2/repository/org/springframework/spring-beans/5.0.1.RELEASE/spring-beans-5.0.1.RELEASE.jar:/home/emre/.m2/repository/org/springframework/spring-webmvc/5.0.1.RELEASE/spring-webmvc-5.0.1.RELEASE.jar:/home/emre/.m2/repository/org/springframework/spring-aop/5.0.1.RELEASE/spring-aop-5.0.1.RELEASE.jar:/home/emre/.m2/repository/org/springframework/spring-context/5.0.1.RELEASE/spring-context-5.0.1.RELEASE.jar:/home/emre/.m2/repository/org/springframework/spring-expression/5.0.1.RELEASE/spring-expression-5.0.1.RELEASE.jar:/home/emre/.m2/repository/org/springframework/boot/spring-boot-starter-test/2.0.0.M6/spring-boot-starter-test-2.0.0.M6.jar:/home/emre/.m2/repository/org/springframework/boot/spring-boot-test/2.0.0.M6/spring-boot-test-2.0.0.M6.jar:/home/emre/.m2/repository/org/springframework/boot/spring-boot-test-autoconfigure/2.0.0.M6/spring-boot-test-autoconfigure-2.0.0.M6.jar:/home/emre/.m2/repository/com/jayway/jsonpath/json-path/2.4.0/json-path-2.4.0.jar:/home/emre/.m2/repository/net/minidev/json-smart/2.3/json-smart-2.3.jar:/home/emre/.m2/repository/net/minidev/accessors-smart/1.2/accessors-smart-1.2.jar:/home/emre/.m2/repository/org/ow2/asm/asm/5.0.4/asm-5.0.4.jar:/home/emre/.m2/repository/junit/junit/4.12/junit-4.12.jar:/home/emre/.m2/repository/org/assertj/assertj-core/3.8.0/assertj-core-3.8.0.jar:/home/emre/.m2/repository/org/mockito/mockito-core/2.11.0/mockito-core-2.11.0.jar:/home/emre/.m2/repository/net/bytebuddy/byte-buddy/1.7.8/byte-buddy-1.7.8.jar:/home/emre/.m2/repository/net/bytebuddy/byte-buddy-agent/1.7.8/byte-buddy-agent-1.7.8.jar:/home/emre/.m2/repository/org/objenesis/objenesis/2.6/objenesis-2.6.jar:/home/emre/.m2/repository/org/hamcrest/hamcrest-core/1.3/hamcrest-core-1.3.jar:/home/emre/.m2/repository/org/hamcrest/hamcrest-library/1.3/hamcrest-library-1.3.jar:/home/emre/.m2/repository/org/skyscreamer/jsonassert/1.5.0/jsonassert-1.5.0.jar:/home/emre/.m2/repository/com/vaadin/external/google/android-json/0.0.20131108.vaadin1/android-json-0.0.20131108.vaadin1.jar:/home/emre/.m2/repository/org/springframework/spring-core/5.0.1.RELEASE/spring-core-5.0.1.RELEASE.jar:/home/emre/.m2/repository/org/springframework/spring-jcl/5.0.1.RELEASE/spring-jcl-5.0.1.RELEASE.jar:/home/emre/.m2/repository/org/springframework/spring-test/5.0.1.RELEASE/spring-test-5.0.1.RELEASE.jar:/home/emre/.m2/repository/org/xmlunit/xmlunit-core/2.5.0/xmlunit-core-2.5.0.jar:"/>
    <property name="sun.cpu.endian" value="little"/>
    <property name="user.home" value="/home/emre"/>
    <property name="user.language" value="en"/>
    <property name="java.specification.vendor" value="Oracle Corporation"/>
    <property name="java.home" value="/usr/lib/jvm/java-8-oracle/jre"/>
    <property name="basedir" value="/home/emre/dev/Github/docker/1)SpbootDocker/Mvc"/>
    <property name="file.separator" value="/"/>
    <property name="line.separator" value="&#10;"/>
    <property name="java.vm.specification.vendor" value="Oracle Corporation"/>
    <property name="java.specification.name" value="Java Platform API Specification"/>
    <property name="java.awt.graphicsenv" value="sun.awt.X11GraphicsEnvironment"/>
    <property name="surefire.real.class.path" value="/home/emre/dev/Github/docker/1)SpbootDocker/Mvc/target/surefire/surefirebooter5785121073457714574.jar"/>
    <property name="sun.boot.class.path" value="/usr/lib/jvm/java-8-oracle/jre/lib/resources.jar:/usr/lib/jvm/java-8-oracle/jre/lib/rt.jar:/usr/lib/jvm/java-8-oracle/jre/lib/sunrsasign.jar:/usr/lib/jvm/java-8-oracle/jre/lib/jsse.jar:/usr/lib/jvm/java-8-oracle/jre/lib/jce.jar:/usr/lib/jvm/java-8-oracle/jre/lib/charsets.jar:/usr/lib/jvm/java-8-oracle/jre/lib/jfr.jar:/usr/lib/jvm/java-8-oracle/jre/classes"/>
    <property name="sun.management.compiler" value="HotSpot 64-Bit Tiered Compilers"/>
    <property name="java.runtime.version" value="1.8.0_151-b12"/>
    <property name="user.name" value="emre"/>
    <property name="path.separator" value=":"/>
    <property name="os.version" value="4.13.0-17-generic"/>
    <property name="java.endorsed.dirs" value="/usr/lib/jvm/java-8-oracle/jre/lib/endorsed"/>
    <property name="java.runtime.name" value="Java(TM) SE Runtime Environment"/>
    <property name="file.encoding" value="UTF-8"/>
    <property name="java.vm.name" value="Java HotSpot(TM) 64-Bit Server VM"/>
    <property name="localRepository" value="/home/emre/.m2/repository"/>
    <property name="java.vendor.url.bug" value="http://bugreport.sun.com/bugreport/"/>
    <property name="java.io.tmpdir" value="/tmp"/>
    <property name="java.version" value="1.8.0_151"/>
    <property name="user.dir" value="/home/emre/dev/Github/docker/1)SpbootDocker/Mvc"/>
    <property name="os.arch" value="amd64"/>
    <property name="java.vm.specification.name" value="Java Virtual Machine Specification"/>
    <property name="java.awt.printerjob" value="sun.print.PSPrinterJob"/>
    <property name="sun.os.patch.level" value="unknown"/>
    <property name="java.library.path" value="/usr/java/packages/lib/amd64:/usr/lib64:/lib64:/lib:/usr/lib"/>
    <property name="java.vm.info" value="mixed mode"/>
    <property name="java.vendor" value="Oracle Corporation"/>
    <property name="java.vm.version" value="25.151-b12"/>
    <property name="java.ext.dirs" value="/usr/lib/jvm/java-8-oracle/jre/lib/ext:/usr/java/packages/lib/ext"/>
    <property name="sun.io.unicode.encoding" value="UnicodeLittle"/>
    <property name="java.class.version" value="52.0"/>
  </properties>
  <testcase name="contextLoads" classname="com.springsample.docker.MvcApplicationTests" time="0.388"/>
</testsuite>